Using pre-set license
Built from '2020.2/staging' branch; Version is '2020.2.5f1 (e2c53f129de5) revision 14861631'; Using compiler version '192528614'; Build Type 'Release'
OS: 'Windows 10 Home; OS build 19043.1052; Version 2009; 64bit' Language: 'ja' Physical Memory: 16304 MB
BatchMode: 1, IsHumanControllingUs: 0, StartBugReporterOnCrash: 0, Is64bit: 1, IsPro: 0

 COMMAND LINE ARGUMENTS:
C:\Program Files\Unity\Hub\Editor\2020.2.5f1\Editor\Unity.exe
-adb2
-batchMode
-noUpm
-name
AssetImportWorker1
-projectPath
C:/Users/serke/OneDrive/ドキュメント/GitHub/HellBattle/HBB_DR
-logFile
Logs/AssetImportWorker1.log
-srvPort
53045
Successfully changed project path to: C:/Users/serke/OneDrive/ドキュメント/GitHub/HellBattle/HBB_DR
C:/Users/serke/OneDrive/ドキュメント/GitHub/HellBattle/HBB_DR
Using Asset Import Pipeline V2.
Refreshing native plugins compatible for Editor in 27.54 ms, found 1 plugins.
Preloading 0 native plugins for Editor in 0.00 ms.
Initialize engine version: 2020.2.5f1 (e2c53f129de5)
[Subsystems] Discovering subsystems at path C:/Program Files/Unity/Hub/Editor/2020.2.5f1/Editor/Data/Resources/UnitySubsystems
[Subsystems] Discovering subsystems at path C:/Users/serke/OneDrive/ドキュメント/GitHub/HellBattle/HBB_DR/Assets
GfxDevice: creating device client; threaded=0
Direct3D:
    Version:  Direct3D 11.0 [level 11.1]
    Renderer: NVIDIA GeForce RTX 2060 (ID=0x1f08)
    Vendor:   
    VRAM:     5980 MB
    Driver:   27.21.14.5671
Initialize mono
Mono path[0] = 'C:/Program Files/Unity/Hub/Editor/2020.2.5f1/Editor/Data/Managed'
Mono path[1] = 'C:/Program Files/Unity/Hub/Editor/2020.2.5f1/Editor/Data/MonoBleedingEdge/lib/mono/unityjit'
Mono config path = 'C:/Program Files/Unity/Hub/Editor/2020.2.5f1/Editor/Data/MonoBleedingEdge/etc'
Using monoOptions --debugger-agent=transport=dt_socket,embedding=1,server=y,suspend=n,address=127.0.0.1:56492
Begin MonoManager ReloadAssembly
Registering precompiled unity dll's ...
Register platform support module: C:/Program Files/Unity/Hub/Editor/2020.2.5f1/Editor/Data/PlaybackEngines/WebGLSupport/UnityEditor.WebGL.Extensions.dll
Register platform support module: C:/Program Files/Unity/Hub/Editor/2020.2.5f1/Editor/Data/PlaybackEngines/WindowsStandaloneSupport/UnityEditor.WindowsStandalone.Extensions.dll
Registered in 0.001723 seconds.
Native extension for WindowsStandalone target not found
Native extension for WebGL target not found
Refreshing native plugins compatible for Editor in 28.76 ms, found 1 plugins.
Preloading 0 native plugins for Editor in 0.00 ms.
Invoked RoslynAnalysisRunner static constructor.
RoslynAnalysisRunner will not be running.
RoslynAnalysisRunner has terminated.
Mono: successfully reloaded assembly
- Completed reload, in  0.968 seconds
Platform modules already initialized, skipping
Registering precompiled user dll's ...
Registered in 0.000832 seconds.
Begin MonoManager ReloadAssembly
Native extension for WindowsStandalone target not found
Native extension for WebGL target not found
Refreshing native plugins compatible for Editor in 29.46 ms, found 1 plugins.
Preloading 0 native plugins for Editor in 0.00 ms.
Invoked RoslynAnalysisRunner static constructor.
RoslynAnalysisRunner will not be running.
RoslynAnalysisRunner has terminated.
Mono: successfully reloaded assembly
- Completed reload, in  0.803 seconds
Platform modules already initialized, skipping
========================================================================
Worker process is ready to serve import requests
Launched and connected shader compiler UnityShaderCompiler.exe after 0.04 seconds
Refreshing native plugins compatible for Editor in 0.35 ms, found 1 plugins.
Preloading 0 native plugins for Editor in 0.00 ms.
Unloading 1799 Unused Serialized files (Serialized files now loaded: 0)
System memory in use before: 84.6 MB.
System memory in use after: 84.7 MB.

Unloading 18 unused Assets to reduce memory usage. Loaded Objects now: 2248.
Total: 1.652900 ms (FindLiveObjects: 0.189300 ms CreateObjectMapping: 0.078200 ms MarkObjects: 1.329200 ms  DeleteObjects: 0.055200 ms)

========================================================================
Received Prepare
Registering precompiled user dll's ...
Registered in 0.000791 seconds.
Begin MonoManager ReloadAssembly
Native extension for WindowsStandalone target not found
Native extension for WebGL target not found
Refreshing native plugins compatible for Editor in 0.32 ms, found 1 plugins.
Preloading 0 native plugins for Editor in 0.00 ms.
Invoked RoslynAnalysisRunner static constructor.
RoslynAnalysisRunner will not be running.
RoslynAnalysisRunner has terminated.
Mono: successfully reloaded assembly
- Completed reload, in  0.702 seconds
Platform modules already initialized, skipping
Refreshing native plugins compatible for Editor in 0.32 ms, found 1 plugins.
Preloading 0 native plugins for Editor in 0.00 ms.
Unloading 1789 Unused Serialized files (Serialized files now loaded: 0)
System memory in use before: 84.2 MB.
System memory in use after: 84.3 MB.

Unloading 6 unused Assets to reduce memory usage. Loaded Objects now: 2251.
Total: 1.651500 ms (FindLiveObjects: 0.189000 ms CreateObjectMapping: 0.090200 ms MarkObjects: 1.356900 ms  DeleteObjects: 0.014800 ms)

========================================================================
Received Prepare
Registering precompiled user dll's ...
Registered in 0.000807 seconds.
Begin MonoManager ReloadAssembly
Native extension for WindowsStandalone target not found
Native extension for WebGL target not found
Refreshing native plugins compatible for Editor in 0.30 ms, found 1 plugins.
Preloading 0 native plugins for Editor in 0.00 ms.
Invoked RoslynAnalysisRunner static constructor.
RoslynAnalysisRunner will not be running.
RoslynAnalysisRunner has terminated.
Mono: successfully reloaded assembly
- Completed reload, in  0.697 seconds
Platform modules already initialized, skipping
Refreshing native plugins compatible for Editor in 0.32 ms, found 1 plugins.
Preloading 0 native plugins for Editor in 0.00 ms.
Unloading 1789 Unused Serialized files (Serialized files now loaded: 0)
System memory in use before: 84.2 MB.
System memory in use after: 84.4 MB.

Unloading 6 unused Assets to reduce memory usage. Loaded Objects now: 2254.
Total: 2.248700 ms (FindLiveObjects: 0.278700 ms CreateObjectMapping: 0.132300 ms MarkObjects: 1.818000 ms  DeleteObjects: 0.018400 ms)

========================================================================
Received Import Request.
  path: Assets/Player/Shot_Script/Character1/Homing/Shot_Homing.cs
  artifactKey: Guid(6824cf02c7f39b2408915fa731913b96) Importer(815301076,1909f56bfc062723c751e8b465ee728b)
Start importing Assets/Player/Shot_Script/Character1/Homing/Shot_Homing.cs using Guid(6824cf02c7f39b2408915fa731913b96) Importer(815301076,1909f56bfc062723c751e8b465ee728b)  -> (artifact id: '92c400dc4345b37b039083e140104b46') in 0.019039 seconds
  Import took 0.024782 seconds .

========================================================================
Received Import Request.
  Time since last request: 0.007838 seconds.
  path: Assets/Player/Shot_Script/Character1/Homing/Shot_Homing.cs
  artifactKey: Guid(6824cf02c7f39b2408915fa731913b96) Importer(815301076,1909f56bfc062723c751e8b465ee728b)
Start importing Assets/Player/Shot_Script/Character1/Homing/Shot_Homing.cs using Guid(6824cf02c7f39b2408915fa731913b96) Importer(815301076,1909f56bfc062723c751e8b465ee728b)  -> (artifact id: '92c400dc4345b37b039083e140104b46') in 0.002917 seconds
  Import took 0.007912 seconds .

========================================================================
Received Prepare
Registering precompiled user dll's ...
Registered in 0.000802 seconds.
Begin MonoManager ReloadAssembly
Native extension for WindowsStandalone target not found
Native extension for WebGL target not found
Refreshing native plugins compatible for Editor in 0.30 ms, found 1 plugins.
Preloading 0 native plugins for Editor in 0.00 ms.
Invoked RoslynAnalysisRunner static constructor.
RoslynAnalysisRunner will not be running.
RoslynAnalysisRunner has terminated.
Mono: successfully reloaded assembly
- Completed reload, in  0.681 seconds
Platform modules already initialized, skipping
Refreshing native plugins compatible for Editor in 0.32 ms, found 1 plugins.
Preloading 0 native plugins for Editor in 0.00 ms.
Unloading 1789 Unused Serialized files (Serialized files now loaded: 0)
System memory in use before: 84.3 MB.
System memory in use after: 84.4 MB.

Unloading 6 unused Assets to reduce memory usage. Loaded Objects now: 2257.
Total: 2.210300 ms (FindLiveObjects: 0.349700 ms CreateObjectMapping: 0.070000 ms MarkObjects: 1.773700 ms  DeleteObjects: 0.016000 ms)

========================================================================
Received Import Request.
  Time since last request: 40.279723 seconds.
  path: Assets/Player/Shot_Script/Character2/Random_Homing/Shot_Random_Homing.cs
  artifactKey: Guid(b5979516c23f5974096b167c0dda3194) Importer(815301076,1909f56bfc062723c751e8b465ee728b)
Start importing Assets/Player/Shot_Script/Character2/Random_Homing/Shot_Random_Homing.cs using Guid(b5979516c23f5974096b167c0dda3194) Importer(815301076,1909f56bfc062723c751e8b465ee728b)  -> (artifact id: '9ca14ad5f7fc19f8a07e1b416db5a126') in 0.004513 seconds
  Import took 0.009084 seconds .

========================================================================
Received Import Request.
  Time since last request: 0.026003 seconds.
  path: Assets/Player/Shot_Script/Character2/Random_Homing/Shot_Random_Homing.cs
  artifactKey: Guid(b5979516c23f5974096b167c0dda3194) Importer(815301076,1909f56bfc062723c751e8b465ee728b)
Start importing Assets/Player/Shot_Script/Character2/Random_Homing/Shot_Random_Homing.cs using Guid(b5979516c23f5974096b167c0dda3194) Importer(815301076,1909f56bfc062723c751e8b465ee728b)  -> (artifact id: '9ca14ad5f7fc19f8a07e1b416db5a126') in 0.013539 seconds
  Import took 0.018049 seconds .

========================================================================
Received Prepare
Registering precompiled user dll's ...
Registered in 0.000782 seconds.
Begin MonoManager ReloadAssembly
Native extension for WindowsStandalone target not found
Native extension for WebGL target not found
Refreshing native plugins compatible for Editor in 0.30 ms, found 1 plugins.
Preloading 0 native plugins for Editor in 0.00 ms.
Invoked RoslynAnalysisRunner static constructor.
RoslynAnalysisRunner will not be running.
RoslynAnalysisRunner has terminated.
Mono: successfully reloaded assembly
- Completed reload, in  0.705 seconds
Platform modules already initialized, skipping
Refreshing native plugins compatible for Editor in 0.30 ms, found 1 plugins.
Preloading 0 native plugins for Editor in 0.00 ms.
Unloading 1789 Unused Serialized files (Serialized files now loaded: 0)
System memory in use before: 84.3 MB.
System memory in use after: 84.4 MB.

Unloading 6 unused Assets to reduce memory usage. Loaded Objects now: 2260.
Total: 1.629100 ms (FindLiveObjects: 0.139500 ms CreateObjectMapping: 0.050200 ms MarkObjects: 1.426200 ms  DeleteObjects: 0.012500 ms)

========================================================================
Received Prepare
Registering precompiled user dll's ...
Registered in 0.000852 seconds.
Begin MonoManager ReloadAssembly
Native extension for WindowsStandalone target not found
Native extension for WebGL target not found
Refreshing native plugins compatible for Editor in 0.31 ms, found 1 plugins.
Preloading 0 native plugins for Editor in 0.00 ms.
Invoked RoslynAnalysisRunner static constructor.
RoslynAnalysisRunner will not be running.
RoslynAnalysisRunner has terminated.
Mono: successfully reloaded assembly
- Completed reload, in  0.705 seconds
Platform modules already initialized, skipping
Refreshing native plugins compatible for Editor in 0.30 ms, found 1 plugins.
Preloading 0 native plugins for Editor in 0.00 ms.
Unloading 1789 Unused Serialized files (Serialized files now loaded: 0)
System memory in use before: 84.3 MB.
System memory in use after: 84.4 MB.

Unloading 6 unused Assets to reduce memory usage. Loaded Objects now: 2263.
Total: 1.676200 ms (FindLiveObjects: 0.157000 ms CreateObjectMapping: 0.058700 ms MarkObjects: 1.443500 ms  DeleteObjects: 0.015700 ms)

========================================================================
Received Prepare
Registering precompiled user dll's ...
Registered in 0.000839 seconds.
Begin MonoManager ReloadAssembly
Native extension for WindowsStandalone target not found
Native extension for WebGL target not found
Refreshing native plugins compatible for Editor in 0.30 ms, found 1 plugins.
Preloading 0 native plugins for Editor in 0.00 ms.
Invoked RoslynAnalysisRunner static constructor.
RoslynAnalysisRunner will not be running.
RoslynAnalysisRunner has terminated.
Mono: successfully reloaded assembly
- Completed reload, in  0.692 seconds
Platform modules already initialized, skipping
Refreshing native plugins compatible for Editor in 0.33 ms, found 1 plugins.
Preloading 0 native plugins for Editor in 0.00 ms.
Unloading 1789 Unused Serialized files (Serialized files now loaded: 0)
System memory in use before: 84.3 MB.
System memory in use after: 84.4 MB.

Unloading 6 unused Assets to reduce memory usage. Loaded Objects now: 2266.
Total: 1.730300 ms (FindLiveObjects: 0.182100 ms CreateObjectMapping: 0.075200 ms MarkObjects: 1.452600 ms  DeleteObjects: 0.019400 ms)

========================================================================
Received Import Request.
  Time since last request: 146.629666 seconds.
  path: Assets/Player/Shot_Script/Shot_Judgment.cs
  artifactKey: Guid(260b630fb23672a4b9f1c14c84464afb) Importer(815301076,1909f56bfc062723c751e8b465ee728b)
Start importing Assets/Player/Shot_Script/Shot_Judgment.cs using Guid(260b630fb23672a4b9f1c14c84464afb) Importer(815301076,1909f56bfc062723c751e8b465ee728b)  -> (artifact id: 'b60a5c6f64f363aca4a3594d7fdb88d3') in 0.008178 seconds
  Import took 0.013147 seconds .

========================================================================
Received Prepare
Registering precompiled user dll's ...
Registered in 0.000813 seconds.
Begin MonoManager ReloadAssembly
Native extension for WindowsStandalone target not found
Native extension for WebGL target not found
Refreshing native plugins compatible for Editor in 0.31 ms, found 1 plugins.
Preloading 0 native plugins for Editor in 0.00 ms.
Invoked RoslynAnalysisRunner static constructor.
RoslynAnalysisRunner will not be running.
RoslynAnalysisRunner has terminated.
Mono: successfully reloaded assembly
- Completed reload, in  0.696 seconds
Platform modules already initialized, skipping
Refreshing native plugins compatible for Editor in 0.33 ms, found 1 plugins.
Preloading 0 native plugins for Editor in 0.00 ms.
Unloading 1789 Unused Serialized files (Serialized files now loaded: 0)
System memory in use before: 84.3 MB.
System memory in use after: 84.4 MB.

Unloading 6 unused Assets to reduce memory usage. Loaded Objects now: 2269.
Total: 1.616900 ms (FindLiveObjects: 0.168900 ms CreateObjectMapping: 0.057200 ms MarkObjects: 1.375800 ms  DeleteObjects: 0.013700 ms)

========================================================================
Received Prepare
Registering precompiled user dll's ...
Registered in 0.000777 seconds.
Begin MonoManager ReloadAssembly
Native extension for WindowsStandalone target not found
Native extension for WebGL target not found
Refreshing native plugins compatible for Editor in 0.36 ms, found 1 plugins.
Preloading 0 native plugins for Editor in 0.00 ms.
Invoked RoslynAnalysisRunner static constructor.
RoslynAnalysisRunner will not be running.
RoslynAnalysisRunner has terminated.
Mono: successfully reloaded assembly
- Completed reload, in  0.683 seconds
Platform modules already initialized, skipping
Refreshing native plugins compatible for Editor in 0.30 ms, found 1 plugins.
Preloading 0 native plugins for Editor in 0.00 ms.
Unloading 1789 Unused Serialized files (Serialized files now loaded: 0)
System memory in use before: 84.3 MB.
System memory in use after: 84.4 MB.

Unloading 6 unused Assets to reduce memory usage. Loaded Objects now: 2272.
Total: 1.710400 ms (FindLiveObjects: 0.184700 ms CreateObjectMapping: 0.085500 ms MarkObjects: 1.412400 ms  DeleteObjects: 0.027100 ms)

========================================================================
Received Import Request.
  Time since last request: 116.761724 seconds.
  path: Assets/Player/Shot_Script/Character1/Explosion/Exp.way/Shot_Explosion_ed.cs
  artifactKey: Guid(87d32498357b0c0418c7edc3da9714e7) Importer(815301076,1909f56bfc062723c751e8b465ee728b)
Start importing Assets/Player/Shot_Script/Character1/Explosion/Exp.way/Shot_Explosion_ed.cs using Guid(87d32498357b0c0418c7edc3da9714e7) Importer(815301076,1909f56bfc062723c751e8b465ee728b)  -> (artifact id: 'fa1e76c03202fdfecae74e15f8900468') in 0.007072 seconds
  Import took 0.013385 seconds .

========================================================================
Received Import Request.
  Time since last request: 4.313133 seconds.
  path: Assets/Player/Shot_Script/Character1/Homing/Shot_Homing.cs
  artifactKey: Guid(6824cf02c7f39b2408915fa731913b96) Importer(815301076,1909f56bfc062723c751e8b465ee728b)
Start importing Assets/Player/Shot_Script/Character1/Homing/Shot_Homing.cs using Guid(6824cf02c7f39b2408915fa731913b96) Importer(815301076,1909f56bfc062723c751e8b465ee728b)  -> (artifact id: '0c84c627714b47bce1adec2bd22e8004') in 0.001848 seconds
  Import took 0.005927 seconds .

========================================================================
Received Import Request.
  Time since last request: 0.000385 seconds.
  path: Assets/Player/Shot_Script/Character1/Homing/Shot_Homing.cs
  artifactKey: Guid(6824cf02c7f39b2408915fa731913b96) Importer(815301076,1909f56bfc062723c751e8b465ee728b)
Start importing Assets/Player/Shot_Script/Character1/Homing/Shot_Homing.cs using Guid(6824cf02c7f39b2408915fa731913b96) Importer(815301076,1909f56bfc062723c751e8b465ee728b)  -> (artifact id: '0c84c627714b47bce1adec2bd22e8004') in 0.003398 seconds
  Import took 0.009539 seconds .

========================================================================
Received Prepare
Registering precompiled user dll's ...
Registered in 0.000891 seconds.
Begin MonoManager ReloadAssembly
Native extension for WindowsStandalone target not found
Native extension for WebGL target not found
Refreshing native plugins compatible for Editor in 0.30 ms, found 1 plugins.
Preloading 0 native plugins for Editor in 0.00 ms.
Invoked RoslynAnalysisRunner static constructor.
RoslynAnalysisRunner will not be running.
RoslynAnalysisRunner has terminated.
Mono: successfully reloaded assembly
- Completed reload, in  0.673 seconds
Platform modules already initialized, skipping
Refreshing native plugins compatible for Editor in 0.32 ms, found 1 plugins.
Preloading 0 native plugins for Editor in 0.00 ms.
Unloading 1789 Unused Serialized files (Serialized files now loaded: 0)
System memory in use before: 84.3 MB.
System memory in use after: 84.5 MB.

Unloading 6 unused Assets to reduce memory usage. Loaded Objects now: 2275.
Total: 1.561700 ms (FindLiveObjects: 0.136800 ms CreateObjectMapping: 0.048200 ms MarkObjects: 1.362000 ms  DeleteObjects: 0.013900 ms)

========================================================================
Received Import Request.
  Time since last request: 17.112738 seconds.
  path: Assets/Player/Shot_Script/Character2/Random_Homing/Shot_Random_Homing.cs
  artifactKey: Guid(b5979516c23f5974096b167c0dda3194) Importer(815301076,1909f56bfc062723c751e8b465ee728b)
Start importing Assets/Player/Shot_Script/Character2/Random_Homing/Shot_Random_Homing.cs using Guid(b5979516c23f5974096b167c0dda3194) Importer(815301076,1909f56bfc062723c751e8b465ee728b)  -> (artifact id: '9528c2aa070fd8927c1c0b5c88a449e0') in 0.006298 seconds
  Import took 0.010485 seconds .

========================================================================
Received Import Request.
  Time since last request: 0.024867 seconds.
  path: Assets/Player/Shot_Script/Character2/Random_Homing/Shot_Random_Homing.cs
  artifactKey: Guid(b5979516c23f5974096b167c0dda3194) Importer(815301076,1909f56bfc062723c751e8b465ee728b)
Start importing Assets/Player/Shot_Script/Character2/Random_Homing/Shot_Random_Homing.cs using Guid(b5979516c23f5974096b167c0dda3194) Importer(815301076,1909f56bfc062723c751e8b465ee728b)  -> (artifact id: '9528c2aa070fd8927c1c0b5c88a449e0') in 0.002117 seconds
  Import took 0.015379 seconds .

========================================================================
Received Prepare
Registering precompiled user dll's ...
Registered in 0.000869 seconds.
Begin MonoManager ReloadAssembly
Native extension for WindowsStandalone target not found
Native extension for WebGL target not found
Refreshing native plugins compatible for Editor in 0.32 ms, found 1 plugins.
Preloading 0 native plugins for Editor in 0.00 ms.
Invoked RoslynAnalysisRunner static constructor.
RoslynAnalysisRunner will not be running.
RoslynAnalysisRunner has terminated.
Mono: successfully reloaded assembly
- Completed reload, in  0.682 seconds
Platform modules already initialized, skipping
Refreshing native plugins compatible for Editor in 0.30 ms, found 1 plugins.
Preloading 0 native plugins for Editor in 0.00 ms.
Unloading 1789 Unused Serialized files (Serialized files now loaded: 0)
System memory in use before: 84.3 MB.
System memory in use after: 84.5 MB.

Unloading 6 unused Assets to reduce memory usage. Loaded Objects now: 2278.
Total: 1.628300 ms (FindLiveObjects: 0.169700 ms CreateObjectMapping: 0.056900 ms MarkObjects: 1.386700 ms  DeleteObjects: 0.014400 ms)

========================================================================
Received Import Request.
  Time since last request: 26.547051 seconds.
  path: Assets/Player/Shot_Script/Character2/Reflect/Shot_ReflectP1.cs
  artifactKey: Guid(f6a95e4c7a6c9e546906ef2b347b6cd7) Importer(815301076,1909f56bfc062723c751e8b465ee728b)
Start importing Assets/Player/Shot_Script/Character2/Reflect/Shot_ReflectP1.cs using Guid(f6a95e4c7a6c9e546906ef2b347b6cd7) Importer(815301076,1909f56bfc062723c751e8b465ee728b)  -> (artifact id: '926716785ce644b2099d3d353fb8f15d') in 0.006261 seconds
  Import took 0.010696 seconds .

========================================================================
Received Import Request.
  Time since last request: 0.022229 seconds.
  path: Assets/Player/Shot_Script/Character2/Reflect/Shot_ReflectP1.cs
  artifactKey: Guid(f6a95e4c7a6c9e546906ef2b347b6cd7) Importer(815301076,1909f56bfc062723c751e8b465ee728b)
Start importing Assets/Player/Shot_Script/Character2/Reflect/Shot_ReflectP1.cs using Guid(f6a95e4c7a6c9e546906ef2b347b6cd7) Importer(815301076,1909f56bfc062723c751e8b465ee728b)  -> (artifact id: '926716785ce644b2099d3d353fb8f15d') in 0.002858 seconds
  Import took 0.017826 seconds .

========================================================================
Received Prepare
Registering precompiled user dll's ...
Registered in 0.000767 seconds.
Begin MonoManager ReloadAssembly
Native extension for WindowsStandalone target not found
Native extension for WebGL target not found
Refreshing native plugins compatible for Editor in 0.35 ms, found 1 plugins.
Preloading 0 native plugins for Editor in 0.00 ms.
Invoked RoslynAnalysisRunner static constructor.
RoslynAnalysisRunner will not be running.
RoslynAnalysisRunner has terminated.
Mono: successfully reloaded assembly
- Completed reload, in  0.689 seconds
Platform modules already initialized, skipping
Refreshing native plugins compatible for Editor in 0.35 ms, found 1 plugins.
Preloading 0 native plugins for Editor in 0.00 ms.
Unloading 1789 Unused Serialized files (Serialized files now loaded: 0)
System memory in use before: 84.4 MB.
System memory in use after: 84.5 MB.

Unloading 6 unused Assets to reduce memory usage. Loaded Objects now: 2281.
Total: 1.554600 ms (FindLiveObjects: 0.209300 ms CreateObjectMapping: 0.055800 ms MarkObjects: 1.258300 ms  DeleteObjects: 0.029900 ms)

========================================================================
Received Import Request.
  Time since last request: 12.785771 seconds.
  path: Assets/Player/Shot_Script/Character2/Reflect/Shot_ReflectP2.cs
  artifactKey: Guid(8f2f4bb3cdbfa5f4da7c0ff2b0223c62) Importer(815301076,1909f56bfc062723c751e8b465ee728b)
Start importing Assets/Player/Shot_Script/Character2/Reflect/Shot_ReflectP2.cs using Guid(8f2f4bb3cdbfa5f4da7c0ff2b0223c62) Importer(815301076,1909f56bfc062723c751e8b465ee728b)  -> (artifact id: 'f1a2d8c76fbcb2a7e3306480be0cd573') in 0.003477 seconds
  Import took 0.007583 seconds .

========================================================================
Received Prepare
Registering precompiled user dll's ...
Registered in 0.000823 seconds.
Begin MonoManager ReloadAssembly
Native extension for WindowsStandalone target not found
Native extension for WebGL target not found
Refreshing native plugins compatible for Editor in 0.30 ms, found 1 plugins.
Preloading 0 native plugins for Editor in 0.00 ms.
Invoked RoslynAnalysisRunner static constructor.
RoslynAnalysisRunner will not be running.
RoslynAnalysisRunner has terminated.
Mono: successfully reloaded assembly
- Completed reload, in  0.673 seconds
Platform modules already initialized, skipping
Refreshing native plugins compatible for Editor in 0.39 ms, found 1 plugins.
Preloading 0 native plugins for Editor in 0.00 ms.
Unloading 1789 Unused Serialized files (Serialized files now loaded: 0)
System memory in use before: 84.4 MB.
System memory in use after: 84.5 MB.

Unloading 6 unused Assets to reduce memory usage. Loaded Objects now: 2284.
Total: 1.906700 ms (FindLiveObjects: 0.268600 ms CreateObjectMapping: 0.100800 ms MarkObjects: 1.505600 ms  DeleteObjects: 0.030200 ms)

========================================================================
Received Prepare
Registering precompiled user dll's ...
Registered in 0.000823 seconds.
Begin MonoManager ReloadAssembly
Native extension for WindowsStandalone target not found
Native extension for WebGL target not found
Refreshing native plugins compatible for Editor in 0.33 ms, found 1 plugins.
Preloading 0 native plugins for Editor in 0.00 ms.
Invoked RoslynAnalysisRunner static constructor.
RoslynAnalysisRunner will not be running.
RoslynAnalysisRunner has terminated.
Mono: successfully reloaded assembly
- Completed reload, in  0.711 seconds
Platform modules already initialized, skipping
Refreshing native plugins compatible for Editor in 0.32 ms, found 1 plugins.
Preloading 0 native plugins for Editor in 0.00 ms.
Unloading 1789 Unused Serialized files (Serialized files now loaded: 0)
System memory in use before: 84.4 MB.
System memory in use after: 84.5 MB.

Unloading 6 unused Assets to reduce memory usage. Loaded Objects now: 2287.
Total: 1.691800 ms (FindLiveObjects: 0.168100 ms CreateObjectMapping: 0.052100 ms MarkObjects: 1.456200 ms  DeleteObjects: 0.014700 ms)

========================================================================
Received Prepare
Registering precompiled user dll's ...
Registered in 0.000829 seconds.
Begin MonoManager ReloadAssembly
Native extension for WindowsStandalone target not found
Native extension for WebGL target not found
Refreshing native plugins compatible for Editor in 0.30 ms, found 1 plugins.
Preloading 0 native plugins for Editor in 0.00 ms.
Invoked RoslynAnalysisRunner static constructor.
RoslynAnalysisRunner will not be running.
RoslynAnalysisRunner has terminated.
Mono: successfully reloaded assembly
- Completed reload, in  0.688 seconds
Platform modules already initialized, skipping
Refreshing native plugins compatible for Editor in 0.31 ms, found 1 plugins.
Preloading 0 native plugins for Editor in 0.00 ms.
Unloading 1789 Unused Serialized files (Serialized files now loaded: 0)
System memory in use before: 84.4 MB.
System memory in use after: 84.5 MB.

Unloading 6 unused Assets to reduce memory usage. Loaded Objects now: 2290.
Total: 2.154500 ms (FindLiveObjects: 0.181700 ms CreateObjectMapping: 0.068800 ms MarkObjects: 1.890100 ms  DeleteObjects: 0.012300 ms)

========================================================================
Received Import Request.
  Time since last request: 319.627848 seconds.
  path: Assets/Player/Player_Manager/Player_L1.prefab
  artifactKey: Guid(7bd90bd9c172ad94a87a1512569115bf) Importer(815301076,1909f56bfc062723c751e8b465ee728b)
Start importing Assets/Player/Player_Manager/Player_L1.prefab using Guid(7bd90bd9c172ad94a87a1512569115bf) Importer(815301076,1909f56bfc062723c751e8b465ee728b)  -> (artifact id: '03024c521fa23671c35d4ab645b49dcc') in 0.082697 seconds
  Import took 0.087514 seconds .

========================================================================
Received Import Request.
  Time since last request: 0.000330 seconds.
  path: Assets/Player/Player_Manager/Player_L2.prefab
  artifactKey: Guid(974d7cde5a235ac4fa64fed287319fc5) Importer(815301076,1909f56bfc062723c751e8b465ee728b)
Start importing Assets/Player/Player_Manager/Player_L2.prefab using Guid(974d7cde5a235ac4fa64fed287319fc5) Importer(815301076,1909f56bfc062723c751e8b465ee728b)  -> (artifact id: 'd16580e7fceaa4bb9026557f3a989426') in 0.017981 seconds
  Import took 0.022974 seconds .

========================================================================
Received Import Request.
  Time since last request: 0.003109 seconds.
  path: Assets/Player/Player_Manager/Player_L2.prefab
  artifactKey: Guid(974d7cde5a235ac4fa64fed287319fc5) Importer(815301076,1909f56bfc062723c751e8b465ee728b)
Start importing Assets/Player/Player_Manager/Player_L2.prefab using Guid(974d7cde5a235ac4fa64fed287319fc5) Importer(815301076,1909f56bfc062723c751e8b465ee728b)  -> (artifact id: 'd16580e7fceaa4bb9026557f3a989426') in 0.015593 seconds
  Import took 0.020655 seconds .

========================================================================
Received Prepare
Registering precompiled user dll's ...
Registered in 0.000838 seconds.
Begin MonoManager ReloadAssembly
Native extension for WindowsStandalone target not found
Native extension for WebGL target not found
Refreshing native plugins compatible for Editor in 0.39 ms, found 1 plugins.
Preloading 0 native plugins for Editor in 0.00 ms.
Invoked RoslynAnalysisRunner static constructor.
RoslynAnalysisRunner will not be running.
RoslynAnalysisRunner has terminated.
Mono: successfully reloaded assembly
- Completed reload, in  0.725 seconds
Platform modules already initialized, skipping
Refreshing native plugins compatible for Editor in 0.35 ms, found 1 plugins.
Preloading 0 native plugins for Editor in 0.00 ms.
Unloading 1789 Unused Serialized files (Serialized files now loaded: 0)
System memory in use before: 87.5 MB.
System memory in use after: 87.6 MB.

Unloading 6 unused Assets to reduce memory usage. Loaded Objects now: 2300.
Total: 1.756400 ms (FindLiveObjects: 0.199600 ms CreateObjectMapping: 0.056900 ms MarkObjects: 1.488100 ms  DeleteObjects: 0.011200 ms)

========================================================================
Received Import Request.
  Time since last request: 61.916970 seconds.
  path: Assets/Player/Shot_Script/Character1/Explosion/Exp.way/Shot_Explosion_ed.cs
  artifactKey: Guid(87d32498357b0c0418c7edc3da9714e7) Importer(815301076,1909f56bfc062723c751e8b465ee728b)
Start importing Assets/Player/Shot_Script/Character1/Explosion/Exp.way/Shot_Explosion_ed.cs using Guid(87d32498357b0c0418c7edc3da9714e7) Importer(815301076,1909f56bfc062723c751e8b465ee728b)  -> (artifact id: '33ca5740bef540678be5109c608c4666') in 0.006849 seconds
  Import took 0.011126 seconds .

========================================================================
Received Prepare
Registering precompiled user dll's ...
Registered in 0.000867 seconds.
Begin MonoManager ReloadAssembly
Native extension for WindowsStandalone target not found
Native extension for WebGL target not found
Refreshing native plugins compatible for Editor in 0.36 ms, found 1 plugins.
Preloading 0 native plugins for Editor in 0.00 ms.
Invoked RoslynAnalysisRunner static constructor.
RoslynAnalysisRunner will not be running.
RoslynAnalysisRunner has terminated.
Mono: successfully reloaded assembly
- Completed reload, in  0.682 seconds
Platform modules already initialized, skipping
Refreshing native plugins compatible for Editor in 0.32 ms, found 1 plugins.
Preloading 0 native plugins for Editor in 0.00 ms.
Unloading 1789 Unused Serialized files (Serialized files now loaded: 0)
System memory in use before: 87.5 MB.
System memory in use after: 87.6 MB.

Unloading 6 unused Assets to reduce memory usage. Loaded Objects now: 2303.
Total: 2.212200 ms (FindLiveObjects: 0.391800 ms CreateObjectMapping: 0.150200 ms MarkObjects: 1.657100 ms  DeleteObjects: 0.012300 ms)

========================================================================
Received Prepare
Registering precompiled user dll's ...
Registered in 0.000869 seconds.
Begin MonoManager ReloadAssembly
Native extension for WindowsStandalone target not found
Native extension for WebGL target not found
Refreshing native plugins compatible for Editor in 0.31 ms, found 1 plugins.
Preloading 0 native plugins for Editor in 0.00 ms.
Invoked RoslynAnalysisRunner static constructor.
RoslynAnalysisRunner will not be running.
RoslynAnalysisRunner has terminated.
Mono: successfully reloaded assembly
- Completed reload, in  0.684 seconds
Platform modules already initialized, skipping
Refreshing native plugins compatible for Editor in 0.30 ms, found 1 plugins.
Preloading 0 native plugins for Editor in 0.00 ms.
Unloading 1789 Unused Serialized files (Serialized files now loaded: 0)
System memory in use before: 87.5 MB.
System memory in use after: 87.7 MB.

Unloading 6 unused Assets to reduce memory usage. Loaded Objects now: 2306.
Total: 1.913000 ms (FindLiveObjects: 0.209300 ms CreateObjectMapping: 0.058800 ms MarkObjects: 1.629400 ms  DeleteObjects: 0.014600 ms)

========================================================================
Received Import Request.
  Time since last request: 122.274204 seconds.
  path: Assets/Player/Player_Manager/Player_Manager_L.cs
  artifactKey: Guid(8d9d4ac387b3b574eb945326922fe519) Importer(815301076,1909f56bfc062723c751e8b465ee728b)
Start importing Assets/Player/Player_Manager/Player_Manager_L.cs using Guid(8d9d4ac387b3b574eb945326922fe519) Importer(815301076,1909f56bfc062723c751e8b465ee728b)  -> (artifact id: '568e6d3e017b11696fab80e6f2bc3b98') in 0.005714 seconds
  Import took 0.010729 seconds .

========================================================================
Received Prepare
Registering precompiled user dll's ...
Registered in 0.000779 seconds.
Begin MonoManager ReloadAssembly
Native extension for WindowsStandalone target not found
Native extension for WebGL target not found
Refreshing native plugins compatible for Editor in 0.30 ms, found 1 plugins.
Preloading 0 native plugins for Editor in 0.00 ms.
Invoked RoslynAnalysisRunner static constructor.
RoslynAnalysisRunner will not be running.
RoslynAnalysisRunner has terminated.
Mono: successfully reloaded assembly
- Completed reload, in  0.686 seconds
Platform modules already initialized, skipping
Refreshing native plugins compatible for Editor in 0.34 ms, found 1 plugins.
Preloading 0 native plugins for Editor in 0.00 ms.
Unloading 1789 Unused Serialized files (Serialized files now loaded: 0)
System memory in use before: 87.6 MB.
System memory in use after: 87.7 MB.

Unloading 6 unused Assets to reduce memory usage. Loaded Objects now: 2309.
Total: 1.997100 ms (FindLiveObjects: 0.206300 ms CreateObjectMapping: 0.156000 ms MarkObjects: 1.621900 ms  DeleteObjects: 0.011900 ms)

========================================================================
Received Prepare
Registering precompiled user dll's ...
Registered in 0.000962 seconds.
Begin MonoManager ReloadAssembly
Native extension for WindowsStandalone target not found
Native extension for WebGL target not found
Refreshing native plugins compatible for Editor in 0.34 ms, found 1 plugins.
Preloading 0 native plugins for Editor in 0.00 ms.
Invoked RoslynAnalysisRunner static constructor.
RoslynAnalysisRunner will not be running.
RoslynAnalysisRunner has terminated.
Mono: successfully reloaded assembly
- Completed reload, in  0.750 seconds
Platform modules already initialized, skipping
Refreshing native plugins compatible for Editor in 0.32 ms, found 1 plugins.
Preloading 0 native plugins for Editor in 0.00 ms.
Unloading 1789 Unused Serialized files (Serialized files now loaded: 0)
System memory in use before: 87.6 MB.
System memory in use after: 87.7 MB.

Unloading 6 unused Assets to reduce memory usage. Loaded Objects now: 2312.
Total: 1.686000 ms (FindLiveObjects: 0.153300 ms CreateObjectMapping: 0.052300 ms MarkObjects: 1.453300 ms  DeleteObjects: 0.026200 ms)

========================================================================
Received Prepare
Registering precompiled user dll's ...
Registered in 0.000787 seconds.
Begin MonoManager ReloadAssembly
Native extension for WindowsStandalone target not found
Native extension for WebGL target not found
Refreshing native plugins compatible for Editor in 0.32 ms, found 1 plugins.
Preloading 0 native plugins for Editor in 0.00 ms.
Invoked RoslynAnalysisRunner static constructor.
RoslynAnalysisRunner will not be running.
RoslynAnalysisRunner has terminated.
Mono: successfully reloaded assembly
- Completed reload, in  0.685 seconds
Platform modules already initialized, skipping
Refreshing native plugins compatible for Editor in 0.32 ms, found 1 plugins.
Preloading 0 native plugins for Editor in 0.00 ms.
Unloading 1789 Unused Serialized files (Serialized files now loaded: 0)
System memory in use before: 87.6 MB.
System memory in use after: 87.7 MB.

Unloading 6 unused Assets to reduce memory usage. Loaded Objects now: 2315.
Total: 6.037500 ms (FindLiveObjects: 0.469600 ms CreateObjectMapping: 0.225600 ms MarkObjects: 5.295000 ms  DeleteObjects: 0.044200 ms)

========================================================================
Received Prepare
Registering precompiled user dll's ...
Registered in 0.000780 seconds.
Begin MonoManager ReloadAssembly
Native extension for WindowsStandalone target not found
Native extension for WebGL target not found
Refreshing native plugins compatible for Editor in 0.30 ms, found 1 plugins.
Preloading 0 native plugins for Editor in 0.00 ms.
Invoked RoslynAnalysisRunner static constructor.
RoslynAnalysisRunner will not be running.
RoslynAnalysisRunner has terminated.
Mono: successfully reloaded assembly
- Completed reload, in  0.683 seconds
Platform modules already initialized, skipping
Refreshing native plugins compatible for Editor in 0.32 ms, found 1 plugins.
Preloading 0 native plugins for Editor in 0.00 ms.
Unloading 1789 Unused Serialized files (Serialized files now loaded: 0)
System memory in use before: 87.6 MB.
System memory in use after: 87.7 MB.

Unloading 6 unused Assets to reduce memory usage. Loaded Objects now: 2318.
Total: 1.862200 ms (FindLiveObjects: 0.178500 ms CreateObjectMapping: 0.061500 ms MarkObjects: 1.610200 ms  DeleteObjects: 0.011100 ms)

========================================================================
Received Import Request.
  Time since last request: 569.267637 seconds.
  path: Assets/Player/Shot_Script/Character1/Explosion/Exp.way/Shot_Explosion_ed.cs
  artifactKey: Guid(87d32498357b0c0418c7edc3da9714e7) Importer(815301076,1909f56bfc062723c751e8b465ee728b)
Start importing Assets/Player/Shot_Script/Character1/Explosion/Exp.way/Shot_Explosion_ed.cs using Guid(87d32498357b0c0418c7edc3da9714e7) Importer(815301076,1909f56bfc062723c751e8b465ee728b)  -> (artifact id: 'f7649e659814b9708d42a714c5a3e5f5') in 0.004039 seconds
  Import took 0.008534 seconds .

========================================================================
Received Import Request.
  Time since last request: 7.099451 seconds.
  path: Assets/Player/Shot_Script/Character1/Homing/Shot_Homing.cs
  artifactKey: Guid(6824cf02c7f39b2408915fa731913b96) Importer(815301076,1909f56bfc062723c751e8b465ee728b)
Start importing Assets/Player/Shot_Script/Character1/Homing/Shot_Homing.cs using Guid(6824cf02c7f39b2408915fa731913b96) Importer(815301076,1909f56bfc062723c751e8b465ee728b)  -> (artifact id: '8913b51339b4429fa68bf1d87c77673c') in 0.002215 seconds
  Import took 0.007448 seconds .

========================================================================
Received Prepare
Registering precompiled user dll's ...
Registered in 0.000832 seconds.
Begin MonoManager ReloadAssembly
Native extension for WindowsStandalone target not found
Native extension for WebGL target not found
Refreshing native plugins compatible for Editor in 0.30 ms, found 1 plugins.
Preloading 0 native plugins for Editor in 0.00 ms.
Invoked RoslynAnalysisRunner static constructor.
RoslynAnalysisRunner will not be running.
RoslynAnalysisRunner has terminated.
Mono: successfully reloaded assembly
- Completed reload, in  0.694 seconds
Platform modules already initialized, skipping
Refreshing native plugins compatible for Editor in 0.35 ms, found 1 plugins.
Preloading 0 native plugins for Editor in 0.00 ms.
Unloading 1789 Unused Serialized files (Serialized files now loaded: 0)
System memory in use before: 87.6 MB.
System memory in use after: 87.7 MB.

Unloading 6 unused Assets to reduce memory usage. Loaded Objects now: 2321.
Total: 1.748300 ms (FindLiveObjects: 0.168400 ms CreateObjectMapping: 0.051300 ms MarkObjects: 1.517400 ms  DeleteObjects: 0.010400 ms)

========================================================================
Received Import Request.
  Time since last request: 17.308008 seconds.
  path: Assets/Player/Shot_Script/Character1/Homing/Shot_Homing.cs
  artifactKey: Guid(6824cf02c7f39b2408915fa731913b96) Importer(815301076,1909f56bfc062723c751e8b465ee728b)
Start importing Assets/Player/Shot_Script/Character1/Homing/Shot_Homing.cs using Guid(6824cf02c7f39b2408915fa731913b96) Importer(815301076,1909f56bfc062723c751e8b465ee728b)  -> (artifact id: '91087e77f3a01459dc0b1a5d27ff051a') in 0.003863 seconds
  Import took 0.008236 seconds .

========================================================================
Received Import Request.
  Time since last request: 4.541880 seconds.
  path: Assets/Player/Shot_Script/Character2/Random_Homing/Shot_Random_Homing.cs
  artifactKey: Guid(b5979516c23f5974096b167c0dda3194) Importer(815301076,1909f56bfc062723c751e8b465ee728b)
Start importing Assets/Player/Shot_Script/Character2/Random_Homing/Shot_Random_Homing.cs using Guid(b5979516c23f5974096b167c0dda3194) Importer(815301076,1909f56bfc062723c751e8b465ee728b)  -> (artifact id: 'ad57a5dc407722ecc1e6e3639855776e') in 0.002472 seconds
  Import took 0.006996 seconds .

========================================================================
Received Import Request.
  Time since last request: 0.000423 seconds.
  path: Assets/Player/Shot_Script/Character2/Random_Homing/Shot_Random_Homing.cs
  artifactKey: Guid(b5979516c23f5974096b167c0dda3194) Importer(815301076,1909f56bfc062723c751e8b465ee728b)
Start importing Assets/Player/Shot_Script/Character2/Random_Homing/Shot_Random_Homing.cs using Guid(b5979516c23f5974096b167c0dda3194) Importer(815301076,1909f56bfc062723c751e8b465ee728b)  -> (artifact id: 'ad57a5dc407722ecc1e6e3639855776e') in 0.003048 seconds
  Import took 0.007752 seconds .

========================================================================
Received Import Request.
  Time since last request: 15.682416 seconds.
  path: Assets/Player/Shot_Script/Character2/Reflect/Shot_ReflectP2.cs
  artifactKey: Guid(8f2f4bb3cdbfa5f4da7c0ff2b0223c62) Importer(815301076,1909f56bfc062723c751e8b465ee728b)
Start importing Assets/Player/Shot_Script/Character2/Reflect/Shot_ReflectP2.cs using Guid(8f2f4bb3cdbfa5f4da7c0ff2b0223c62) Importer(815301076,1909f56bfc062723c751e8b465ee728b)  -> (artifact id: '96c8209430fd67d215743f646e8acdba') in 0.001896 seconds
  Import took 0.006215 seconds .

========================================================================
Received Import Request.
  Time since last request: 3.733331 seconds.
  path: Assets/Player/Shot_Script/Character2/Reflect/Shot_ReflectP1.cs
  artifactKey: Guid(f6a95e4c7a6c9e546906ef2b347b6cd7) Importer(815301076,1909f56bfc062723c751e8b465ee728b)
Start importing Assets/Player/Shot_Script/Character2/Reflect/Shot_ReflectP1.cs using Guid(f6a95e4c7a6c9e546906ef2b347b6cd7) Importer(815301076,1909f56bfc062723c751e8b465ee728b)  -> (artifact id: '9556b666476a77529300efeddc4f085f') in 0.002024 seconds
  Import took 0.006434 seconds .

========================================================================
Received Import Request.
  Time since last request: 0.000429 seconds.
  path: Assets/Player/Shot_Script/Character2/Reflect/Shot_ReflectP1.cs
  artifactKey: Guid(f6a95e4c7a6c9e546906ef2b347b6cd7) Importer(815301076,1909f56bfc062723c751e8b465ee728b)
Start importing Assets/Player/Shot_Script/Character2/Reflect/Shot_ReflectP1.cs using Guid(f6a95e4c7a6c9e546906ef2b347b6cd7) Importer(815301076,1909f56bfc062723c751e8b465ee728b)  -> (artifact id: '9556b666476a77529300efeddc4f085f') in 0.003084 seconds
  Import took 0.007267 seconds .

========================================================================
Received Prepare
Registering precompiled user dll's ...
Registered in 0.000828 seconds.
Begin MonoManager ReloadAssembly
Native extension for WindowsStandalone target not found
Native extension for WebGL target not found
Refreshing native plugins compatible for Editor in 0.34 ms, found 1 plugins.
Preloading 0 native plugins for Editor in 0.00 ms.
Invoked RoslynAnalysisRunner static constructor.
RoslynAnalysisRunner will not be running.
RoslynAnalysisRunner has terminated.
Mono: successfully reloaded assembly
- Completed reload, in  0.696 seconds
Platform modules already initialized, skipping
Refreshing native plugins compatible for Editor in 0.38 ms, found 1 plugins.
Preloading 0 native plugins for Editor in 0.00 ms.
Unloading 1789 Unused Serialized files (Serialized files now loaded: 0)
System memory in use before: 87.6 MB.
System memory in use after: 87.7 MB.

Unloading 6 unused Assets to reduce memory usage. Loaded Objects now: 2324.
Total: 1.676900 ms (FindLiveObjects: 0.186900 ms CreateObjectMapping: 0.059000 ms MarkObjects: 1.399100 ms  DeleteObjects: 0.030700 ms)

========================================================================
Received Prepare
Registering precompiled user dll's ...
Registered in 0.000943 seconds.
Begin MonoManager ReloadAssembly
Native extension for WindowsStandalone target not found
Native extension for WebGL target not found
Refreshing native plugins compatible for Editor in 0.30 ms, found 1 plugins.
Preloading 0 native plugins for Editor in 0.00 ms.
Invoked RoslynAnalysisRunner static constructor.
RoslynAnalysisRunner will not be running.
RoslynAnalysisRunner has terminated.
Mono: successfully reloaded assembly
- Completed reload, in  0.673 seconds
Platform modules already initialized, skipping
Refreshing native plugins compatible for Editor in 0.32 ms, found 1 plugins.
Preloading 0 native plugins for Editor in 0.00 ms.
Unloading 1789 Unused Serialized files (Serialized files now loaded: 0)
System memory in use before: 87.6 MB.
System memory in use after: 87.7 MB.

Unloading 6 unused Assets to reduce memory usage. Loaded Objects now: 2327.
Total: 1.701600 ms (FindLiveObjects: 0.163000 ms CreateObjectMapping: 0.071700 ms MarkObjects: 1.436600 ms  DeleteObjects: 0.029400 ms)

========================================================================
Received Prepare
Registering precompiled user dll's ...
Registered in 0.000799 seconds.
Begin MonoManager ReloadAssembly
Native extension for WindowsStandalone target not found
Native extension for WebGL target not found
Refreshing native plugins compatible for Editor in 0.30 ms, found 1 plugins.
Preloading 0 native plugins for Editor in 0.00 ms.
Invoked RoslynAnalysisRunner static constructor.
RoslynAnalysisRunner will not be running.
RoslynAnalysisRunner has terminated.
Mono: successfully reloaded assembly
- Completed reload, in  0.672 seconds
Platform modules already initialized, skipping
Refreshing native plugins compatible for Editor in 0.33 ms, found 1 plugins.
Preloading 0 native plugins for Editor in 0.00 ms.
Unloading 1789 Unused Serialized files (Serialized files now loaded: 0)
System memory in use before: 87.6 MB.
System memory in use after: 87.7 MB.

Unloading 6 unused Assets to reduce memory usage. Loaded Objects now: 2330.
Total: 1.847700 ms (FindLiveObjects: 0.194900 ms CreateObjectMapping: 0.070200 ms MarkObjects: 1.569600 ms  DeleteObjects: 0.012000 ms)

========================================================================
Received Prepare
Registering precompiled user dll's ...
Registered in 0.000775 seconds.
Begin MonoManager ReloadAssembly
Native extension for WindowsStandalone target not found
Native extension for WebGL target not found
Refreshing native plugins compatible for Editor in 0.30 ms, found 1 plugins.
Preloading 0 native plugins for Editor in 0.00 ms.
Invoked RoslynAnalysisRunner static constructor.
RoslynAnalysisRunner will not be running.
RoslynAnalysisRunner has terminated.
Mono: successfully reloaded assembly
- Completed reload, in  0.661 seconds
Platform modules already initialized, skipping
Refreshing native plugins compatible for Editor in 0.31 ms, found 1 plugins.
Preloading 0 native plugins for Editor in 0.00 ms.
Unloading 1789 Unused Serialized files (Serialized files now loaded: 0)
System memory in use before: 87.6 MB.
System memory in use after: 87.7 MB.

Unloading 6 unused Assets to reduce memory usage. Loaded Objects now: 2333.
Total: 1.662400 ms (FindLiveObjects: 0.184900 ms CreateObjectMapping: 0.055100 ms MarkObjects: 1.411100 ms  DeleteObjects: 0.010300 ms)

========================================================================
Received Prepare
Registering precompiled user dll's ...
Registered in 0.000857 seconds.
Begin MonoManager ReloadAssembly
Native extension for WindowsStandalone target not found
Native extension for WebGL target not found
Refreshing native plugins compatible for Editor in 0.32 ms, found 1 plugins.
Preloading 0 native plugins for Editor in 0.00 ms.
Invoked RoslynAnalysisRunner static constructor.
RoslynAnalysisRunner will not be running.
RoslynAnalysisRunner has terminated.
Mono: successfully reloaded assembly
- Completed reload, in  0.700 seconds
Platform modules already initialized, skipping
Refreshing native plugins compatible for Editor in 0.31 ms, found 1 plugins.
Preloading 0 native plugins for Editor in 0.00 ms.
Unloading 1789 Unused Serialized files (Serialized files now loaded: 0)
System memory in use before: 87.6 MB.
System memory in use after: 87.7 MB.

Unloading 6 unused Assets to reduce memory usage. Loaded Objects now: 2336.
Total: 7.154100 ms (FindLiveObjects: 0.178000 ms CreateObjectMapping: 0.061200 ms MarkObjects: 6.898400 ms  DeleteObjects: 0.015000 ms)

========================================================================
Received Prepare
Registering precompiled user dll's ...
Registered in 0.000815 seconds.
Begin MonoManager ReloadAssembly
Native extension for WindowsStandalone target not found
Native extension for WebGL target not found
Refreshing native plugins compatible for Editor in 0.30 ms, found 1 plugins.
Preloading 0 native plugins for Editor in 0.00 ms.
Invoked RoslynAnalysisRunner static constructor.
RoslynAnalysisRunner will not be running.
RoslynAnalysisRunner has terminated.
Mono: successfully reloaded assembly
- Completed reload, in  0.690 seconds
Platform modules already initialized, skipping
Refreshing native plugins compatible for Editor in 0.31 ms, found 1 plugins.
Preloading 0 native plugins for Editor in 0.00 ms.
Unloading 1789 Unused Serialized files (Serialized files now loaded: 0)
System memory in use before: 87.6 MB.
System memory in use after: 87.8 MB.

Unloading 6 unused Assets to reduce memory usage. Loaded Objects now: 2339.
Total: 1.613600 ms (FindLiveObjects: 0.154000 ms CreateObjectMapping: 0.054000 ms MarkObjects: 1.392200 ms  DeleteObjects: 0.012300 ms)

========================================================================
Received Prepare
Registering precompiled user dll's ...
Registered in 0.000826 seconds.
Begin MonoManager ReloadAssembly
Native extension for WindowsStandalone target not found
Native extension for WebGL target not found
Refreshing native plugins compatible for Editor in 0.30 ms, found 1 plugins.
Preloading 0 native plugins for Editor in 0.00 ms.
Invoked RoslynAnalysisRunner static constructor.
RoslynAnalysisRunner will not be running.
RoslynAnalysisRunner has terminated.
Mono: successfully reloaded assembly
- Completed reload, in  0.679 seconds
Platform modules already initialized, skipping
Refreshing native plugins compatible for Editor in 0.33 ms, found 1 plugins.
Preloading 0 native plugins for Editor in 0.00 ms.
Unloading 1789 Unused Serialized files (Serialized files now loaded: 0)
System memory in use before: 87.7 MB.
System memory in use after: 87.8 MB.

Unloading 6 unused Assets to reduce memory usage. Loaded Objects now: 2342.
Total: 1.654300 ms (FindLiveObjects: 0.219400 ms CreateObjectMapping: 0.060000 ms MarkObjects: 1.362100 ms  DeleteObjects: 0.012000 ms)

========================================================================
Received Prepare
Registering precompiled user dll's ...
Registered in 0.000847 seconds.
Begin MonoManager ReloadAssembly
Native extension for WindowsStandalone target not found
Native extension for WebGL target not found
Refreshing native plugins compatible for Editor in 0.37 ms, found 1 plugins.
Preloading 0 native plugins for Editor in 0.00 ms.
Invoked RoslynAnalysisRunner static constructor.
RoslynAnalysisRunner will not be running.
RoslynAnalysisRunner has terminated.
Mono: successfully reloaded assembly
- Completed reload, in  0.683 seconds
Platform modules already initialized, skipping
Refreshing native plugins compatible for Editor in 0.29 ms, found 1 plugins.
Preloading 0 native plugins for Editor in 0.00 ms.
Unloading 1789 Unused Serialized files (Serialized files now loaded: 0)
System memory in use before: 87.7 MB.
System memory in use after: 87.8 MB.

Unloading 6 unused Assets to reduce memory usage. Loaded Objects now: 2345.
Total: 1.729700 ms (FindLiveObjects: 0.167500 ms CreateObjectMapping: 0.090300 ms MarkObjects: 1.459300 ms  DeleteObjects: 0.011800 ms)

AssetImportWorkerClient::OnTransportError - code=2 error=End of file
